[2025-12-20 03:22:56] TYPE: AIRTIME | NETWORK: mtn | AMOUNT: ₦100 | PHONE: 08011111111	 | STATUS: FAILED | ERROR: PRODUCT IS NOT WHITELISTED ON YOUR ACCOUNT
[2025-12-20 03:25:27] TYPE: AIRTIME | NETWORK: mtn | AMOUNT: ₦100 | PHONE: 08011111111	 | REQUEST_ID: AIRTIME_1766197516_4208 | STATUS: SUCCESS
[2025-12-20 03:26:19] TYPE: AIRTIME | NETWORK: glo | AMOUNT: ₦100 | PHONE: 08011111111	 | REQUEST_ID: AIRTIME_1766197568_2962 | STATUS: SUCCESS
[2025-12-20 03:26:35] TYPE: AIRTIME | NETWORK: airtel | AMOUNT: ₦100 | PHONE: 08011111111	 | REQUEST_ID: AIRTIME_1766197584_8989 | STATUS: SUCCESS
[2025-12-20 03:26:54] TYPE: AIRTIME | NETWORK: etisalat | AMOUNT: ₦100 | PHONE: 08011111111	 | REQUEST_ID: AIRTIME_1766197604_8179 | STATUS: SUCCESS
[2025-12-20 03:27:14] TYPE: DATA | VARIATION: mtn-50mb-200 | PHONE: 08011111111	 | STATUS: FAILED | ERROR: PRODUCT DOES NOT EXIST
[2025-12-20 03:33:41] TYPE: DATA | VARIATION: mtn-50mb-200 | PHONE: 08011111111	 | STATUS: FAILED | ERROR: cURL Error: Couldn't resolve host 'sandbox.vtpass.com'
[2025-12-20 03:45:22] TYPE: DATA | VARIATION: mtn-50mb-200 | PHONE: 08011111111	 | STATUS: FAILED | ERROR: PRODUCT DOES NOT EXIST
[2025-12-21 14:09:41] TYPE: DATA | VARIATION: mtn-10mb-100 | PHONE: 08011111111	 | STATUS: FAILED | ERROR: PRODUCT DOES NOT EXIST
[2025-12-21 14:09:42] TYPE: DATA | VARIATION: mtn-10mb-100 | PHONE: 08011111111	 | STATUS: FAILED | ERROR: PRODUCT DOES NOT EXIST
[2025-12-21 14:10:02] TYPE: DATA | VARIATION: mtn-100mb-1000 | PHONE: 08011111111	 | STATUS: FAILED | ERROR: PRODUCT DOES NOT EXIST
[2025-12-21 14:23:06] TYPE: DATA | VARIATION: mtn-10mb-100 | PHONE: 08011111111	 | REQUEST_ID: 202512211422_228bcc138b7ec3e9 | STATUS: SUCCESS
[2025-12-21 14:23:24] TYPE: AIRTIME | NETWORK: glo | AMOUNT: ₦100 | PHONE: 08011111111	 | REQUEST_ID: 202512211423_33fafbd442c18dcd | STATUS: SUCCESS
[2025-12-21 14:24:11] TYPE: DATA | VARIATION: glo1000 | PHONE: 08011111111	 | STATUS: FAILED | ERROR: PRODUCT DOES NOT EXIST
[2025-12-21 14:24:29] TYPE: DATA | VARIATION: airt-2000 | PHONE: 08011111111	 | STATUS: FAILED | ERROR: PRODUCT DOES NOT EXIST
[2025-12-21 14:24:44] TYPE: DATA | VARIATION: glo1000 | PHONE: 08011111111	 | STATUS: FAILED | ERROR: PRODUCT DOES NOT EXIST
[2025-12-21 15:40:19] TYPE: DATA | VARIATION: glo1000 | PHONE: 08011111111	 | STATUS: FAILED | ERROR: PRODUCT DOES NOT EXIST
[2025-12-21 15:40:39] TYPE: DATA | VARIATION: glo1000 | PHONE: 08011111111	 | STATUS: FAILED | ERROR: PRODUCT DOES NOT EXIST
[2025-12-21 15:40:52] TYPE: DATA | VARIATION: airt-50 | PHONE: 08011111111	 | STATUS: FAILED | ERROR: PRODUCT DOES NOT EXIST
[2025-12-21 15:41:14] TYPE: DATA | VARIATION: mtn-25gb-sme-10000 | PHONE: 08011111111	 | REQUEST_ID: 202512211541_6d46aadc718533b5 | STATUS: SUCCESS
[2025-12-21 15:43:05] TYPE: DATA | VARIATION: glo100 | PHONE: 08011111111	 | STATUS: FAILED | ERROR: PRODUCT DOES NOT EXIST
[2025-12-21 15:50:09] TYPE: DATA | VARIATION: eti-100 | PHONE: 08011111111	 | REQUEST_ID: 202512211549_3180f05f779ec52a | STATUS: SUCCESS
[2025-12-21 15:50:35] TYPE: DATA | VARIATION: airt-300 | PHONE: 08011111111	 | REQUEST_ID: 202512211550_b486be8ba075ef34 | STATUS: SUCCESS
[2025-12-21 15:51:06] TYPE: DATA | VARIATION: glo100 | PHONE: 08011111111	 | REQUEST_ID: 202512211550_1fbd164e1680a22a | STATUS: SUCCESS
